C:\USERS\OUNACEUR\DOCUMENTS\VISUAL STUDIO 2010\PROJECTS\GESTIONCLUB\DEBUG\GESTIONCLUB.EXE
C:\USERS\OUNACEUR\DOCUMENTS\VISUAL STUDIO 2010\PROJECTS\GESTIONCLUB\DEBUG\GESTIONCLUB.ILK
C:\USERS\OUNACEUR\DOCUMENTS\VISUAL STUDIO 2010\PROJECTS\GESTIONCLUB\DEBUG\GESTIONCLUB.PDB
C:\Users\Ounaceur\Documents\Visual Studio 2010\Projects\gestionClub\gestionClub\Debug\cl.command.1.tlog
C:\Users\Ounaceur\Documents\Visual Studio 2010\Projects\gestionClub\gestionClub\Debug\CL.read.1.tlog
C:\Users\Ounaceur\Documents\Visual Studio 2010\Projects\gestionClub\gestionClub\Debug\CL.write.1.tlog
C:\USERS\OUNACEUR\DOCUMENTS\VISUAL STUDIO 2010\PROJECTS\GESTIONCLUB\GESTIONCLUB\DEBUG\GESTIONCLUB.EXE.EMBED.MANIFEST
C:\USERS\OUNACEUR\DOCUMENTS\VISUAL STUDIO 2010\PROJECTS\GESTIONCLUB\GESTIONCLUB\DEBUG\GESTIONCLUB.EXE.EMBED.MANIFEST.RES
C:\USERS\OUNACEUR\DOCUMENTS\VISUAL STUDIO 2010\PROJECTS\GESTIONCLUB\GESTIONCLUB\DEBUG\GESTIONCLUB.EXE.INTERMEDIATE.MANIFEST
C:\USERS\OUNACEUR\DOCUMENTS\VISUAL STUDIO 2010\PROJECTS\GESTIONCLUB\GESTIONCLUB\DEBUG\GESTIONCLUB.OBJ
C:\USERS\OUNACEUR\DOCUMENTS\VISUAL STUDIO 2010\PROJECTS\GESTIONCLUB\GESTIONCLUB\DEBUG\GESTIONCLUB.PCH
C:\USERS\OUNACEUR\DOCUMENTS\VISUAL STUDIO 2010\PROJECTS\GESTIONCLUB\GESTIONCLUB\DEBUG\GESTIONCLUB.RES
C:\Users\Ounaceur\Documents\Visual Studio 2010\Projects\gestionClub\gestionClub\Debug\gestionClub.vcxprojResolveAssemblyReference.cache
C:\Users\Ounaceur\Documents\Visual Studio 2010\Projects\gestionClub\gestionClub\Debug\gestionClub.write.1.tlog
C:\Users\Ounaceur\Documents\Visual Studio 2010\Projects\gestionClub\gestionClub\Debug\gestionClub_manifest.rc
C:\USERS\OUNACEUR\DOCUMENTS\VISUAL STUDIO 2010\PROJECTS\GESTIONCLUB\GESTIONCLUB\DEBUG\GESTIONCLUBDLG.OBJ
C:\Users\Ounaceur\Documents\Visual Studio 2010\Projects\gestionClub\gestionClub\Debug\link.1788.read.1.tlog
C:\Users\Ounaceur\Documents\Visual Studio 2010\Projects\gestionClub\gestionClub\Debug\link.1788.write.1.tlog
C:\Users\Ounaceur\Documents\Visual Studio 2010\Projects\gestionClub\gestionClub\Debug\link.1788-cvtres.read.1.tlog
C:\Users\Ounaceur\Documents\Visual Studio 2010\Projects\gestionClub\gestionClub\Debug\link.1788-cvtres.write.1.tlog
C:\Users\Ounaceur\Documents\Visual Studio 2010\Projects\gestionClub\gestionClub\Debug\link.command.1.tlog
C:\Users\Ounaceur\Documents\Visual Studio 2010\Projects\gestionClub\gestionClub\Debug\link.read.1.tlog
C:\Users\Ounaceur\Documents\Visual Studio 2010\Projects\gestionClub\gestionClub\Debug\link.write.1.tlog
C:\Users\Ounaceur\Documents\Visual Studio 2010\Projects\gestionClub\gestionClub\Debug\link-cvtres.read.1.tlog
C:\Users\Ounaceur\Documents\Visual Studio 2010\Projects\gestionClub\gestionClub\Debug\link-cvtres.write.1.tlog
C:\Users\Ounaceur\Documents\Visual Studio 2010\Projects\gestionClub\gestionClub\Debug\mt.command.1.tlog
C:\Users\Ounaceur\Documents\Visual Studio 2010\Projects\gestionClub\gestionClub\Debug\mt.read.1.tlog
C:\Users\Ounaceur\Documents\Visual Studio 2010\Projects\gestionClub\gestionClub\Debug\mt.write.1.tlog
C:\Users\Ounaceur\Documents\Visual Studio 2010\Projects\gestionClub\gestionClub\Debug\rc.command.1.tlog
C:\Users\Ounaceur\Documents\Visual Studio 2010\Projects\gestionClub\gestionClub\Debug\rc.read.1.tlog
C:\Users\Ounaceur\Documents\Visual Studio 2010\Projects\gestionClub\gestionClub\Debug\rc.write.1.tlog
C:\USERS\OUNACEUR\DOCUMENTS\VISUAL STUDIO 2010\PROJECTS\GESTIONCLUB\GESTIONCLUB\DEBUG\STDAFX.OBJ
C:\Users\Ounaceur\Documents\Visual Studio 2010\Projects\gestionClub\gestionClub\Debug\vc100.idb
C:\USERS\OUNACEUR\DOCUMENTS\VISUAL STUDIO 2010\PROJECTS\GESTIONCLUB\GESTIONCLUB\DEBUG\VC100.PDB
