Build started 1/29/2024 8:07:10 PM.
     1>Project "C:\Users\Ounaceur\Desktop\gestionClub\gestionClub\gestionClub.vcxproj" on node 2 (build target(s)).
     1>InitializeBuildStatus:
         Creating "Debug\gestionClub.unsuccessfulbuild" because "AlwaysCreate" was specified.
       ClCompile:
         All outputs are up-to-date.
         E:\Program Files\Microsoft Visual Studio 10.0\VC\bin\CL.exe /c /ZI /nologo /W3 /WX- /Od /Oy- /D WIN32 /D _WINDOWS /D _DEBUG /D _UNICODE /D UNICODE /D _AFXDLL /Gm /EHsc /RTC1 /MDd /GS /fp:precise /Zc:wchar_t /Zc:forScope /Yu"StdAfx.h" /Fp"Debug\gestionClub.pch" /Fo"Debug\\" /Fd"Debug\vc100.pdb" /Gd /TP /analyze- /errorReport:prompt langues.cpp
         langues.cpp
     1>c:\users\ounaceur\desktop\gestionclub\gestionclub\langues.h(38): warning C4995: 'CDaoDatabase': name was marked as #pragma deprecated
     1>c:\users\ounaceur\desktop\gestionclub\gestionclub\langues.h(39): warning C4995: 'CDaoRecordset': name was marked as #pragma deprecated
     1>c:\users\ounaceur\desktop\gestionclub\gestionclub\langues.h(56): warning C4995: 'CDaoRecordset': name was marked as #pragma deprecated
     1>c:\users\ounaceur\desktop\gestionclub\gestionclub\langues.cpp(15): warning C4995: 'CDaoDatabase': name was marked as #pragma deprecated
     1>c:\users\ounaceur\desktop\gestionclub\gestionclub\langues.cpp(101): warning C4995: 'CDaoRecordset': name was marked as #pragma deprecated
     1>c:\users\ounaceur\desktop\gestionclub\gestionclub\langues.cpp(398): warning C4995: 'CDaoRecordset': name was marked as #pragma deprecated
       ResourceCompile:
         All outputs are up-to-date.
       ManifestResourceCompile:
         All outputs are up-to-date.
       Link:
         E:\Program Files\Microsoft Visual Studio 10.0\VC\bin\link.exe /ERRORREPORT:PROMPT /OUT:"C:\Users\Ounaceur\Desktop\gestionClub\Debug\gestionClub.exe" /INCREMENTAL /NOLOGO /MANIFEST /ManifestFile:"Debug\gestionClub.exe.intermediate.manifest" /MANIFESTUAC:"level='asInvoker' uiAccess='false'" /DEBUG /PDB:"C:\Users\Ounaceur\Desktop\gestionClub\Debug\gestionClub.pdb" /SUBSYSTEM:WINDOWS /TLBID:1 /ENTRY:"wWinMainCRTStartup" /DYNAMICBASE /NXCOMPAT /IMPLIB:"C:\Users\Ounaceur\Desktop\gestionClub\Debug\gestionClub.lib" /MACHINE:X86 Debug\gestionClub.res
         Debug\gestionClub.exe.embed.manifest.res
         Debug\Activites.obj
         Debug\gestionClub.obj
         Debug\gestionClubDlg.obj
         Debug\langues.obj
         Debug\pays.obj
         Debug\stdafx.obj
         Debug\Villages.obj
       Manifest:
         C:\Program Files (x86)\Microsoft SDKs\Windows\v7.0A\bin\mt.exe /nologo /verbose /out:"Debug\gestionClub.exe.embed.manifest" /manifest Debug\gestionClub.exe.intermediate.manifest "E:\Program Files\Microsoft Visual Studio 10.0\VC\Include\Manifest\dpiaware.manifest"
         All outputs are up-to-date.
       LinkEmbedManifest:
         All outputs are up-to-date.
         gestionClub.vcxproj -> C:\Users\Ounaceur\Desktop\gestionClub\Debug\gestionClub.exe
       FinalizeBuildStatus:
         Deleting file "Debug\gestionClub.unsuccessfulbuild".
         Touching "Debug\gestionClub.lastbuildstate".
     1>Done Building Project "C:\Users\Ounaceur\Desktop\gestionClub\gestionClub\gestionClub.vcxproj" (build target(s)).

Build succeeded.

Time Elapsed 00:00:01.71
